{"C:\\Users\\Admin\\Documents\\Mis proyectos\\kike2026\\autozone-qa-fe\\src\\hooks\\useGetServices.ts": {"path":"C:\\Users\\Admin\\Documents\\Mis proyectos\\kike2026\\autozone-qa-fe\\src\\hooks\\useGetServices.ts","statementMap":{"0":{"start":{"line":22,"column":30},"end":{"line":53,"column":1}},"1":{"start":{"line":23,"column":28},"end":{"line":27,"column":4}},"2":{"start":{"line":29,"column":24},"end":{"line":46,"column":8}},"3":{"start":{"line":30,"column":4},"end":{"line":30,"column":63}},"4":{"start":{"line":30,"column":22},"end":{"line":30,"column":61}},"5":{"start":{"line":32,"column":4},"end":{"line":45,"column":5}},"6":{"start":{"line":33,"column":18},"end":{"line":33,"column":48}},"7":{"start":{"line":34,"column":6},"end":{"line":38,"column":8}},"8":{"start":{"line":35,"column":31},"end":{"line":35,"column":47}},"9":{"start":{"line":40,"column":6},"end":{"line":44,"column":9}},"10":{"start":{"line":40,"column":24},"end":{"line":44,"column":7}},"11":{"start":{"line":48,"column":2},"end":{"line":50,"column":21}},"12":{"start":{"line":49,"column":4},"end":{"line":49,"column":19}},"13":{"start":{"line":52,"column":2},"end":{"line":52,"column":45}}},"fnMap":{"0":{"name":"(anonymous_0)","decl":{"start":{"line":22,"column":30},"end":{"line":22,"column":31}},"loc":{"start":{"line":22,"column":58},"end":{"line":53,"column":1}},"line":22},"1":{"name":"(anonymous_1)","decl":{"start":{"line":29,"column":36},"end":{"line":29,"column":37}},"loc":{"start":{"line":29,"column":48},"end":{"line":46,"column":3}},"line":29},"2":{"name":"(anonymous_2)","decl":{"start":{"line":30,"column":13},"end":{"line":30,"column":14}},"loc":{"start":{"line":30,"column":22},"end":{"line":30,"column":61}},"line":30},"3":{"name":"(anonymous_3)","decl":{"start":{"line":35,"column":26},"end":{"line":35,"column":27}},"loc":{"start":{"line":35,"column":31},"end":{"line":35,"column":47}},"line":35},"4":{"name":"(anonymous_4)","decl":{"start":{"line":40,"column":15},"end":{"line":40,"column":16}},"loc":{"start":{"line":40,"column":24},"end":{"line":44,"column":7}},"line":40},"5":{"name":"(anonymous_5)","decl":{"start":{"line":48,"column":12},"end":{"line":48,"column":13}},"loc":{"start":{"line":48,"column":18},"end":{"line":50,"column":3}},"line":48}},"branchMap":{"0":{"loc":{"start":{"line":43,"column":15},"end":{"line":43,"column":78}},"type":"cond-expr","locations":[{"start":{"line":43,"column":38},"end":{"line":43,"column":49}},{"start":{"line":43,"column":52},"end":{"line":43,"column":78}}],"line":43}},"s":{"0":1,"1":0,"2":0,"3":0,"4":0,"5":0,"6":0,"7":0,"8":0,"9":0,"10":0,"11":0,"12":0,"13":0},"f":{"0":0,"1":0,"2":0,"3":0,"4":0,"5":0},"b":{"0":[0,0]},"_coverageSchema":"1a1c01bbd47fc00a2c39e90264f33305004495a9","hash":"16646972d18781e37c801528c58b3ba620b17ede"}
,"C:\\Users\\Admin\\Documents\\Mis proyectos\\kike2026\\autozone-qa-fe\\src\\hooks\\useReports.ts": {"path":"C:\\Users\\Admin\\Documents\\Mis proyectos\\kike2026\\autozone-qa-fe\\src\\hooks\\useReports.ts","statementMap":{"0":{"start":{"line":40,"column":26},"end":{"line":211,"column":1}},"1":{"start":{"line":41,"column":36},"end":{"line":41,"column":65}},"2":{"start":{"line":42,"column":32},"end":{"line":42,"column":61}},"3":{"start":{"line":44,"column":48},"end":{"line":44,"column":60}},"4":{"start":{"line":45,"column":52},"end":{"line":45,"column":82}},"5":{"start":{"line":47,"column":42},"end":{"line":47,"column":64}},"6":{"start":{"line":48,"column":52},"end":{"line":48,"column":74}},"7":{"start":{"line":50,"column":32},"end":{"line":50,"column":56}},"8":{"start":{"line":51,"column":44},"end":{"line":51,"column":66}},"9":{"start":{"line":52,"column":52},"end":{"line":52,"column":63}},"10":{"start":{"line":53,"column":66},"end":{"line":53,"column":81}},"11":{"start":{"line":54,"column":32},"end":{"line":54,"column":47}},"12":{"start":{"line":55,"column":28},"end":{"line":55,"column":57}},"13":{"start":{"line":57,"column":23},"end":{"line":57,"column":39}},"14":{"start":{"line":59,"column":25},"end":{"line":59,"column":89}},"15":{"start":{"line":59,"column":39},"end":{"line":59,"column":76}},"16":{"start":{"line":59,"column":63},"end":{"line":59,"column":75}},"17":{"start":{"line":60,"column":21},"end":{"line":63,"column":3}},"18":{"start":{"line":61,"column":10},"end":{"line":61,"column":70}},"19":{"start":{"line":61,"column":42},"end":{"line":61,"column":68}},"20":{"start":{"line":64,"column":21},"end":{"line":64,"column":34}},"21":{"start":{"line":65,"column":28},"end":{"line":65,"column":84}},"22":{"start":{"line":67,"column":24},"end":{"line":68,"column":70}},"23":{"start":{"line":68,"column":4},"end":{"line":68,"column":70}},"24":{"start":{"line":68,"column":41},"end":{"line":68,"column":51}},"25":{"start":{"line":70,"column":35},"end":{"line":73,"column":3}},"26":{"start":{"line":71,"column":36},"end":{"line":71,"column":99}},"27":{"start":{"line":71,"column":71},"end":{"line":71,"column":89}},"28":{"start":{"line":75,"column":27},"end":{"line":79,"column":8}},"29":{"start":{"line":76,"column":4},"end":{"line":76,"column":32}},"30":{"start":{"line":76,"column":16},"end":{"line":76,"column":32}},"31":{"start":{"line":77,"column":22},"end":{"line":77,"column":34}},"32":{"start":{"line":78,"column":4},"end":{"line":78,"column":71}},"33":{"start":{"line":81,"column":22},"end":{"line":105,"column":3}},"34":{"start":{"line":83,"column":6},"end":{"line":83,"column":22}},"35":{"start":{"line":84,"column":6},"end":{"line":84,"column":20}},"36":{"start":{"line":86,"column":6},"end":{"line":102,"column":7}},"37":{"start":{"line":87,"column":21},"end":{"line":87,"column":59}},"38":{"start":{"line":88,"column":27},"end":{"line":90,"column":9}},"39":{"start":{"line":92,"column":8},"end":{"line":92,"column":24}},"40":{"start":{"line":93,"column":8},"end":{"line":93,"column":47}},"41":{"start":{"line":94,"column":8},"end":{"line":97,"column":9}},"42":{"start":{"line":95,"column":10},"end":{"line":95,"column":58}},"43":{"start":{"line":96,"column":10},"end":{"line":96,"column":43}},"44":{"start":{"line":99,"column":8},"end":{"line":99,"column":80}},"45":{"start":{"line":101,"column":8},"end":{"line":101,"column":25}},"46":{"start":{"line":107,"column":2},"end":{"line":109,"column":19}},"47":{"start":{"line":108,"column":4},"end":{"line":108,"column":22}},"48":{"start":{"line":111,"column":2},"end":{"line":113,"column":15}},"49":{"start":{"line":112,"column":4},"end":{"line":112,"column":100}},"50":{"start":{"line":112,"column":33},"end":{"line":112,"column":99}},"51":{"start":{"line":112,"column":51},"end":{"line":112,"column":98}},"52":{"start":{"line":112,"column":74},"end":{"line":112,"column":97}},"53":{"start":{"line":115,"column":27},"end":{"line":115,"column":92}},"54":{"start":{"line":115,"column":41},"end":{"line":115,"column":80}},"55":{"start":{"line":115,"column":63},"end":{"line":115,"column":79}},"56":{"start":{"line":117,"column":4},"end":{"line":117,"column":95}},"57":{"start":{"line":117,"column":64},"end":{"line":117,"column":94}},"58":{"start":{"line":118,"column":30},"end":{"line":118,"column":81}},"59":{"start":{"line":120,"column":30},"end":{"line":124,"column":3}},"60":{"start":{"line":121,"column":18},"end":{"line":121,"column":33}},"61":{"start":{"line":122,"column":4},"end":{"line":122,"column":29}},"62":{"start":{"line":123,"column":4},"end":{"line":123,"column":47}},"63":{"start":{"line":126,"column":27},"end":{"line":128,"column":3}},"64":{"start":{"line":127,"column":4},"end":{"line":127,"column":42}},"65":{"start":{"line":130,"column":33},"end":{"line":132,"column":3}},"66":{"start":{"line":131,"column":4},"end":{"line":131,"column":57}},"67":{"start":{"line":134,"column":35},"end":{"line":141,"column":3}},"68":{"start":{"line":135,"column":4},"end":{"line":140,"column":6}},"69":{"start":{"line":136,"column":6},"end":{"line":138,"column":7}},"70":{"start":{"line":137,"column":8},"end":{"line":137,"column":67}},"71":{"start":{"line":139,"column":6},"end":{"line":139,"column":47}},"72":{"start":{"line":139,"column":31},"end":{"line":139,"column":46}},"73":{"start":{"line":143,"column":31},"end":{"line":150,"column":3}},"74":{"start":{"line":144,"column":4},"end":{"line":149,"column":6}},"75":{"start":{"line":152,"column":26},"end":{"line":179,"column":3}},"76":{"start":{"line":153,"column":4},"end":{"line":156,"column":5}},"77":{"start":{"line":154,"column":6},"end":{"line":154,"column":55}},"78":{"start":{"line":155,"column":6},"end":{"line":155,"column":12}},"79":{"start":{"line":158,"column":4},"end":{"line":158,"column":18}},"80":{"start":{"line":160,"column":4},"end":{"line":178,"column":5}},"81":{"start":{"line":161,"column":19},"end":{"line":163,"column":8}},"82":{"start":{"line":165,"column":18},"end":{"line":165,"column":50}},"83":{"start":{"line":166,"column":19},"end":{"line":166,"column":46}},"84":{"start":{"line":168,"column":6},"end":{"line":168,"column":21}},"85":{"start":{"line":169,"column":6},"end":{"line":169,"column":45}},"86":{"start":{"line":171,"column":6},"end":{"line":171,"column":37}},"87":{"start":{"line":172,"column":6},"end":{"line":172,"column":18}},"88":{"start":{"line":173,"column":6},"end":{"line":173,"column":37}},"89":{"start":{"line":174,"column":6},"end":{"line":174,"column":37}},"90":{"start":{"line":176,"column":6},"end":{"line":176,"column":24}},"91":{"start":{"line":177,"column":6},"end":{"line":177,"column":75}},"92":{"start":{"line":181,"column":28},"end":{"line":181,"column":42}},"93":{"start":{"line":182,"column":29},"end":{"line":182,"column":67}},"94":{"start":{"line":183,"column":25},"end":{"line":185,"column":69}},"95":{"start":{"line":187,"column":2},"end":{"line":210,"column":3}}},"fnMap":{"0":{"name":"(anonymous_0)","decl":{"start":{"line":40,"column":26},"end":{"line":40,"column":27}},"loc":{"start":{"line":40,"column":50},"end":{"line":211,"column":1}},"line":40},"1":{"name":"(anonymous_1)","decl":{"start":{"line":59,"column":33},"end":{"line":59,"column":34}},"loc":{"start":{"line":59,"column":39},"end":{"line":59,"column":76}},"line":59},"2":{"name":"(anonymous_2)","decl":{"start":{"line":59,"column":52},"end":{"line":59,"column":53}},"loc":{"start":{"line":59,"column":63},"end":{"line":59,"column":75}},"line":59},"3":{"name":"(anonymous_3)","decl":{"start":{"line":61,"column":4},"end":{"line":61,"column":5}},"loc":{"start":{"line":61,"column":10},"end":{"line":61,"column":70}},"line":61},"4":{"name":"(anonymous_4)","decl":{"start":{"line":61,"column":31},"end":{"line":61,"column":32}},"loc":{"start":{"line":61,"column":42},"end":{"line":61,"column":68}},"line":61},"5":{"name":"(anonymous_5)","decl":{"start":{"line":67,"column":24},"end":{"line":67,"column":25}},"loc":{"start":{"line":68,"column":4},"end":{"line":68,"column":70}},"line":68},"6":{"name":"(anonymous_6)","decl":{"start":{"line":68,"column":34},"end":{"line":68,"column":35}},"loc":{"start":{"line":68,"column":41},"end":{"line":68,"column":51}},"line":68},"7":{"name":"(anonymous_7)","decl":{"start":{"line":71,"column":4},"end":{"line":71,"column":5}},"loc":{"start":{"line":71,"column":36},"end":{"line":71,"column":99}},"line":71},"8":{"name":"(anonymous_8)","decl":{"start":{"line":71,"column":61},"end":{"line":71,"column":62}},"loc":{"start":{"line":71,"column":71},"end":{"line":71,"column":89}},"line":71},"9":{"name":"(anonymous_9)","decl":{"start":{"line":75,"column":39},"end":{"line":75,"column":40}},"loc":{"start":{"line":75,"column":85},"end":{"line":79,"column":3}},"line":75},"10":{"name":"(anonymous_10)","decl":{"start":{"line":82,"column":4},"end":{"line":82,"column":5}},"loc":{"start":{"line":82,"column":44},"end":{"line":103,"column":5}},"line":82},"11":{"name":"(anonymous_11)","decl":{"start":{"line":107,"column":12},"end":{"line":107,"column":13}},"loc":{"start":{"line":107,"column":18},"end":{"line":109,"column":3}},"line":107},"12":{"name":"(anonymous_12)","decl":{"start":{"line":111,"column":12},"end":{"line":111,"column":13}},"loc":{"start":{"line":111,"column":18},"end":{"line":113,"column":3}},"line":111},"13":{"name":"(anonymous_13)","decl":{"start":{"line":112,"column":25},"end":{"line":112,"column":26}},"loc":{"start":{"line":112,"column":33},"end":{"line":112,"column":99}},"line":112},"14":{"name":"(anonymous_14)","decl":{"start":{"line":112,"column":45},"end":{"line":112,"column":46}},"loc":{"start":{"line":112,"column":51},"end":{"line":112,"column":98}},"line":112},"15":{"name":"(anonymous_15)","decl":{"start":{"line":112,"column":64},"end":{"line":112,"column":65}},"loc":{"start":{"line":112,"column":74},"end":{"line":112,"column":97}},"line":112},"16":{"name":"(anonymous_16)","decl":{"start":{"line":115,"column":35},"end":{"line":115,"column":36}},"loc":{"start":{"line":115,"column":41},"end":{"line":115,"column":80}},"line":115},"17":{"name":"(anonymous_17)","decl":{"start":{"line":115,"column":53},"end":{"line":115,"column":54}},"loc":{"start":{"line":115,"column":63},"end":{"line":115,"column":79}},"line":115},"18":{"name":"(anonymous_18)","decl":{"start":{"line":117,"column":58},"end":{"line":117,"column":59}},"loc":{"start":{"line":117,"column":64},"end":{"line":117,"column":94}},"line":117},"19":{"name":"(anonymous_19)","decl":{"start":{"line":120,"column":30},"end":{"line":120,"column":31}},"loc":{"start":{"line":120,"column":52},"end":{"line":124,"column":3}},"line":120},"20":{"name":"(anonymous_20)","decl":{"start":{"line":126,"column":27},"end":{"line":126,"column":28}},"loc":{"start":{"line":126,"column":49},"end":{"line":128,"column":3}},"line":126},"21":{"name":"(anonymous_21)","decl":{"start":{"line":130,"column":33},"end":{"line":130,"column":34}},"loc":{"start":{"line":130,"column":55},"end":{"line":132,"column":3}},"line":130},"22":{"name":"(anonymous_22)","decl":{"start":{"line":134,"column":35},"end":{"line":134,"column":36}},"loc":{"start":{"line":134,"column":75},"end":{"line":141,"column":3}},"line":134},"23":{"name":"(anonymous_23)","decl":{"start":{"line":135,"column":25},"end":{"line":135,"column":26}},"loc":{"start":{"line":135,"column":33},"end":{"line":140,"column":5}},"line":135},"24":{"name":"(anonymous_24)","decl":{"start":{"line":139,"column":25},"end":{"line":139,"column":26}},"loc":{"start":{"line":139,"column":31},"end":{"line":139,"column":46}},"line":139},"25":{"name":"(anonymous_25)","decl":{"start":{"line":143,"column":31},"end":{"line":143,"column":32}},"loc":{"start":{"line":143,"column":43},"end":{"line":150,"column":3}},"line":143},"26":{"name":"(anonymous_26)","decl":{"start":{"line":152,"column":26},"end":{"line":152,"column":27}},"loc":{"start":{"line":152,"column":38},"end":{"line":179,"column":3}},"line":152}},"branchMap":{"0":{"loc":{"start":{"line":65,"column":28},"end":{"line":65,"column":84}},"type":"cond-expr","locations":[{"start":{"line":65,"column":50},"end":{"line":65,"column":72}},{"start":{"line":65,"column":75},"end":{"line":65,"column":84}}],"line":65},"1":{"loc":{"start":{"line":76,"column":4},"end":{"line":76,"column":32}},"type":"if","locations":[{"start":{"line":76,"column":4},"end":{"line":76,"column":32}},{"start":{},"end":{}}],"line":76},"2":{"loc":{"start":{"line":78,"column":11},"end":{"line":78,"column":71}},"type":"cond-expr","locations":[{"start":{"line":78,"column":33},"end":{"line":78,"column":63}},{"start":{"line":78,"column":66},"end":{"line":78,"column":71}}],"line":78},"3":{"loc":{"start":{"line":89,"column":10},"end":{"line":89,"column":90}},"type":"binary-expr","locations":[{"start":{"line":89,"column":10},"end":{"line":89,"column":28}},{"start":{"line":89,"column":32},"end":{"line":89,"column":50}},{"start":{"line":89,"column":54},"end":{"line":89,"column":70}},{"start":{"line":89,"column":74},"end":{"line":89,"column":90}}],"line":89},"4":{"loc":{"start":{"line":94,"column":8},"end":{"line":97,"column":9}},"type":"if","locations":[{"start":{"line":94,"column":8},"end":{"line":97,"column":9}},{"start":{},"end":{}}],"line":94},"5":{"loc":{"start":{"line":99,"column":17},"end":{"line":99,"column":79}},"type":"cond-expr","locations":[{"start":{"line":99,"column":40},"end":{"line":99,"column":51}},{"start":{"line":99,"column":54},"end":{"line":99,"column":79}}],"line":99},"6":{"loc":{"start":{"line":117,"column":4},"end":{"line":117,"column":95}},"type":"binary-expr","locations":[{"start":{"line":117,"column":4},"end":{"line":117,"column":31}},{"start":{"line":117,"column":35},"end":{"line":117,"column":95}}],"line":117},"7":{"loc":{"start":{"line":118,"column":30},"end":{"line":118,"column":81}},"type":"binary-expr","locations":[{"start":{"line":118,"column":30},"end":{"line":118,"column":58}},{"start":{"line":118,"column":62},"end":{"line":118,"column":81}}],"line":118},"8":{"loc":{"start":{"line":121,"column":18},"end":{"line":121,"column":33}},"type":"binary-expr","locations":[{"start":{"line":121,"column":18},"end":{"line":121,"column":27}},{"start":{"line":121,"column":31},"end":{"line":121,"column":33}}],"line":121},"9":{"loc":{"start":{"line":131,"column":25},"end":{"line":131,"column":56}},"type":"cond-expr","locations":[{"start":{"line":131,"column":35},"end":{"line":131,"column":51}},{"start":{"line":131,"column":54},"end":{"line":131,"column":56}}],"line":131},"10":{"loc":{"start":{"line":136,"column":6},"end":{"line":138,"column":7}},"type":"if","locations":[{"start":{"line":136,"column":6},"end":{"line":138,"column":7}},{"start":{},"end":{}}],"line":136},"11":{"loc":{"start":{"line":137,"column":15},"end":{"line":137,"column":67}},"type":"cond-expr","locations":[{"start":{"line":137,"column":41},"end":{"line":137,"column":45}},{"start":{"line":137,"column":48},"end":{"line":137,"column":67}}],"line":137},"12":{"loc":{"start":{"line":153,"column":4},"end":{"line":156,"column":5}},"type":"if","locations":[{"start":{"line":153,"column":4},"end":{"line":156,"column":5}},{"start":{},"end":{}}],"line":153},"13":{"loc":{"start":{"line":177,"column":15},"end":{"line":177,"column":74}},"type":"cond-expr","locations":[{"start":{"line":177,"column":38},"end":{"line":177,"column":49}},{"start":{"line":177,"column":52},"end":{"line":177,"column":74}}],"line":177},"14":{"loc":{"start":{"line":182,"column":29},"end":{"line":182,"column":67}},"type":"binary-expr","locations":[{"start":{"line":182,"column":29},"end":{"line":182,"column":46}},{"start":{"line":182,"column":50},"end":{"line":182,"column":67}}],"line":182},"15":{"loc":{"start":{"line":183,"column":25},"end":{"line":185,"column":69}},"type":"cond-expr","locations":[{"start":{"line":184,"column":6},"end":{"line":184,"column":70}},{"start":{"line":185,"column":6},"end":{"line":185,"column":69}}],"line":183}},"s":{"0":2,"1":4,"2":4,"3":4,"4":4,"5":4,"6":4,"7":4,"8":4,"9":4,"10":4,"11":4,"12":4,"13":4,"14":4,"15":4,"16":0,"17":4,"18":4,"19":0,"20":4,"21":4,"22":4,"23":0,"24":0,"25":4,"26":1,"27":1,"28":4,"29":0,"30":0,"31":0,"32":0,"33":4,"34":1,"35":1,"36":1,"37":1,"38":1,"39":1,"40":1,"41":1,"42":1,"43":1,"44":0,"45":1,"46":4,"47":1,"48":4,"49":2,"50":2,"51":0,"52":0,"53":4,"54":2,"55":1,"56":4,"57":2,"58":4,"59":4,"60":0,"61":0,"62":0,"63":4,"64":0,"65":4,"66":0,"67":4,"68":0,"69":0,"70":0,"71":0,"72":0,"73":4,"74":0,"75":4,"76":0,"77":0,"78":0,"79":0,"80":0,"81":0,"82":0,"83":0,"84":0,"85":0,"86":0,"87":0,"88":0,"89":0,"90":0,"91":0,"92":4,"93":4,"94":4,"95":4},"f":{"0":4,"1":4,"2":0,"3":4,"4":0,"5":0,"6":0,"7":1,"8":1,"9":0,"10":1,"11":1,"12":2,"13":2,"14":0,"15":0,"16":2,"17":1,"18":2,"19":0,"20":0,"21":0,"22":0,"23":0,"24":0,"25":0,"26":0},"b":{"0":[0,4],"1":[0,0],"2":[0,0],"3":[1,1,1,1],"4":[1,0],"5":[0,0],"6":[4,2],"7":[4,0],"8":[0,0],"9":[0,0],"10":[0,0],"11":[0,0],"12":[0,0],"13":[0,0],"14":[4,2],"15":[0,4]},"_coverageSchema":"1a1c01bbd47fc00a2c39e90264f33305004495a9","hash":"d7f15fde826a3d6f3388c28955369ae81b149be7"}
,"C:\\Users\\Admin\\Documents\\Mis proyectos\\kike2026\\autozone-qa-fe\\src\\models\\ReportVO.ts": {"path":"C:\\Users\\Admin\\Documents\\Mis proyectos\\kike2026\\autozone-qa-fe\\src\\models\\ReportVO.ts","statementMap":{"0":{"start":{"line":15,"column":4},"end":{"line":15,"column":39}},"1":{"start":{"line":16,"column":4},"end":{"line":16,"column":41}},"2":{"start":{"line":25,"column":4},"end":{"line":25,"column":39}},"3":{"start":{"line":26,"column":4},"end":{"line":26,"column":86}},"4":{"start":{"line":26,"column":57},"end":{"line":26,"column":85}},"5":{"start":{"line":42,"column":4},"end":{"line":42,"column":35}},"6":{"start":{"line":43,"column":4},"end":{"line":43,"column":39}},"7":{"start":{"line":44,"column":4},"end":{"line":44,"column":53}},"8":{"start":{"line":45,"column":4},"end":{"line":45,"column":45}},"9":{"start":{"line":46,"column":4},"end":{"line":46,"column":43}},"10":{"start":{"line":47,"column":4},"end":{"line":47,"column":45}},"11":{"start":{"line":48,"column":4},"end":{"line":48,"column":55}},"12":{"start":{"line":49,"column":4},"end":{"line":49,"column":51}},"13":{"start":{"line":50,"column":4},"end":{"line":50,"column":86}},"14":{"start":{"line":50,"column":57},"end":{"line":50,"column":85}},"15":{"start":{"line":54,"column":4},"end":{"line":54,"column":27}}},"fnMap":{"0":{"name":"(anonymous_0)","decl":{"start":{"line":14,"column":2},"end":{"line":14,"column":3}},"loc":{"start":{"line":14,"column":35},"end":{"line":17,"column":3}},"line":14},"1":{"name":"(anonymous_1)","decl":{"start":{"line":24,"column":2},"end":{"line":24,"column":3}},"loc":{"start":{"line":24,"column":35},"end":{"line":27,"column":3}},"line":24},"2":{"name":"(anonymous_2)","decl":{"start":{"line":26,"column":46},"end":{"line":26,"column":47}},"loc":{"start":{"line":26,"column":57},"end":{"line":26,"column":85}},"line":26},"3":{"name":"(anonymous_3)","decl":{"start":{"line":41,"column":2},"end":{"line":41,"column":3}},"loc":{"start":{"line":41,"column":28},"end":{"line":51,"column":3}},"line":41},"4":{"name":"(anonymous_4)","decl":{"start":{"line":50,"column":46},"end":{"line":50,"column":47}},"loc":{"start":{"line":50,"column":57},"end":{"line":50,"column":85}},"line":50},"5":{"name":"(anonymous_5)","decl":{"start":{"line":53,"column":2},"end":{"line":53,"column":3}},"loc":{"start":{"line":53,"column":27},"end":{"line":55,"column":3}},"line":53}},"branchMap":{"0":{"loc":{"start":{"line":16,"column":21},"end":{"line":16,"column":41}},"type":"binary-expr","locations":[{"start":{"line":16,"column":21},"end":{"line":16,"column":35}},{"start":{"line":16,"column":39},"end":{"line":16,"column":41}}],"line":16},"1":{"loc":{"start":{"line":26,"column":21},"end":{"line":26,"column":40}},"type":"binary-expr","locations":[{"start":{"line":26,"column":21},"end":{"line":26,"column":34}},{"start":{"line":26,"column":38},"end":{"line":26,"column":40}}],"line":26},"2":{"loc":{"start":{"line":47,"column":23},"end":{"line":47,"column":45}},"type":"binary-expr","locations":[{"start":{"line":47,"column":23},"end":{"line":47,"column":39}},{"start":{"line":47,"column":43},"end":{"line":47,"column":45}}],"line":47},"3":{"loc":{"start":{"line":50,"column":21},"end":{"line":50,"column":40}},"type":"binary-expr","locations":[{"start":{"line":50,"column":21},"end":{"line":50,"column":34}},{"start":{"line":50,"column":38},"end":{"line":50,"column":40}}],"line":50}},"s":{"0":8,"1":8,"2":10,"3":10,"4":8,"5":12,"6":12,"7":12,"8":12,"9":12,"10":12,"11":12,"12":12,"13":12,"14":10,"15":1},"f":{"0":8,"1":10,"2":8,"3":12,"4":10,"5":1},"b":{"0":[8,0],"1":[10,0],"2":[12,1],"3":[12,1]},"_coverageSchema":"1a1c01bbd47fc00a2c39e90264f33305004495a9","hash":"4bde11ef142d4ff9a6cf978eb929bb08610045f4"}
,"C:\\Users\\Admin\\Documents\\Mis proyectos\\kike2026\\autozone-qa-fe\\src\\models\\ServiceVO.ts": {"path":"C:\\Users\\Admin\\Documents\\Mis proyectos\\kike2026\\autozone-qa-fe\\src\\models\\ServiceVO.ts","statementMap":{"0":{"start":{"line":17,"column":4},"end":{"line":17,"column":21}},"1":{"start":{"line":18,"column":4},"end":{"line":18,"column":25}},"2":{"start":{"line":19,"column":4},"end":{"line":19,"column":45}},"3":{"start":{"line":20,"column":4},"end":{"line":20,"column":31}},"4":{"start":{"line":24,"column":4},"end":{"line":24,"column":20}}},"fnMap":{"0":{"name":"(anonymous_0)","decl":{"start":{"line":16,"column":2},"end":{"line":16,"column":3}},"loc":{"start":{"line":16,"column":29},"end":{"line":21,"column":3}},"line":16},"1":{"name":"(anonymous_1)","decl":{"start":{"line":23,"column":2},"end":{"line":23,"column":3}},"loc":{"start":{"line":23,"column":27},"end":{"line":25,"column":3}},"line":23}},"branchMap":{"0":{"loc":{"start":{"line":19,"column":23},"end":{"line":19,"column":45}},"type":"binary-expr","locations":[{"start":{"line":19,"column":23},"end":{"line":19,"column":39}},{"start":{"line":19,"column":43},"end":{"line":19,"column":45}}],"line":19},"1":{"loc":{"start":{"line":20,"column":16},"end":{"line":20,"column":31}},"type":"binary-expr","locations":[{"start":{"line":20,"column":16},"end":{"line":20,"column":25}},{"start":{"line":20,"column":29},"end":{"line":20,"column":31}}],"line":20}},"s":{"0":0,"1":0,"2":0,"3":0,"4":0},"f":{"0":0,"1":0},"b":{"0":[0,0],"1":[0,0]},"_coverageSchema":"1a1c01bbd47fc00a2c39e90264f33305004495a9","hash":"db5128ad12097aa9c7960a06fc2f2e40b19c07f8"}
,"C:\\Users\\Admin\\Documents\\Mis proyectos\\kike2026\\autozone-qa-fe\\src\\pages\\reports\\Reports.tsx": {"path":"C:\\Users\\Admin\\Documents\\Mis proyectos\\kike2026\\autozone-qa-fe\\src\\pages\\reports\\Reports.tsx","statementMap":{"0":{"start":{"line":51,"column":6},"end":{"line":51,"column":18}},"1":{"start":{"line":53,"column":28},"end":{"line":53,"column":58}},"2":{"start":{"line":54,"column":26},"end":{"line":54,"column":56}},"3":{"start":{"line":56,"column":28},"end":{"line":57,"column":58}},"4":{"start":{"line":57,"column":4},"end":{"line":57,"column":58}},"5":{"start":{"line":59,"column":2},"end":{"line":266,"column":3}},"6":{"start":{"line":69,"column":60},"end":{"line":69,"column":87}},"7":{"start":{"line":90,"column":31},"end":{"line":90,"column":65}},"8":{"start":{"line":111,"column":31},"end":{"line":111,"column":63}},"9":{"start":{"line":151,"column":25},"end":{"line":151,"column":47}},"10":{"start":{"line":177,"column":35},"end":{"line":177,"column":86}},"11":{"start":{"line":193,"column":12},"end":{"line":257,"column":23}},"12":{"start":{"line":198,"column":20},"end":{"line":198,"column":89}},"13":{"start":{"line":208,"column":40},"end":{"line":208,"column":75}},"14":{"start":{"line":209,"column":37},"end":{"line":209,"column":78}},"15":{"start":{"line":210,"column":40},"end":{"line":210,"column":58}},"16":{"start":{"line":212,"column":22},"end":{"line":219,"column":23}},"17":{"start":{"line":213,"column":24},"end":{"line":218,"column":25}},"18":{"start":{"line":221,"column":22},"end":{"line":235,"column":23}}},"fnMap":{"0":{"name":"Reports","decl":{"start":{"line":27,"column":16},"end":{"line":27,"column":23}},"loc":{"start":{"line":27,"column":26},"end":{"line":267,"column":1}},"line":27},"1":{"name":"(anonymous_1)","decl":{"start":{"line":56,"column":28},"end":{"line":56,"column":29}},"loc":{"start":{"line":57,"column":4},"end":{"line":57,"column":58}},"line":57},"2":{"name":"(anonymous_2)","decl":{"start":{"line":69,"column":54},"end":{"line":69,"column":55}},"loc":{"start":{"line":69,"column":60},"end":{"line":69,"column":87}},"line":69},"3":{"name":"(anonymous_3)","decl":{"start":{"line":90,"column":25},"end":{"line":90,"column":26}},"loc":{"start":{"line":90,"column":31},"end":{"line":90,"column":65}},"line":90},"4":{"name":"(anonymous_4)","decl":{"start":{"line":111,"column":25},"end":{"line":111,"column":26}},"loc":{"start":{"line":111,"column":31},"end":{"line":111,"column":63}},"line":111},"5":{"name":"(anonymous_5)","decl":{"start":{"line":151,"column":19},"end":{"line":151,"column":20}},"loc":{"start":{"line":151,"column":25},"end":{"line":151,"column":47}},"line":151},"6":{"name":"(anonymous_6)","decl":{"start":{"line":177,"column":26},"end":{"line":177,"column":27}},"loc":{"start":{"line":177,"column":35},"end":{"line":177,"column":86}},"line":177},"7":{"name":"(anonymous_7)","decl":{"start":{"line":192,"column":23},"end":{"line":192,"column":24}},"loc":{"start":{"line":193,"column":12},"end":{"line":257,"column":23}},"line":193},"8":{"name":"(anonymous_8)","decl":{"start":{"line":197,"column":28},"end":{"line":197,"column":29}},"loc":{"start":{"line":198,"column":20},"end":{"line":198,"column":89}},"line":198},"9":{"name":"(anonymous_9)","decl":{"start":{"line":207,"column":39},"end":{"line":207,"column":40}},"loc":{"start":{"line":207,"column":66},"end":{"line":236,"column":21}},"line":207}},"branchMap":{"0":{"loc":{"start":{"line":57,"column":4},"end":{"line":57,"column":58}},"type":"binary-expr","locations":[{"start":{"line":57,"column":4},"end":{"line":57,"column":28}},{"start":{"line":57,"column":32},"end":{"line":57,"column":58}}],"line":57},"1":{"loc":{"start":{"line":128,"column":17},"end":{"line":128,"column":57}},"type":"cond-expr","locations":[{"start":{"line":128,"column":35},"end":{"line":128,"column":52}},{"start":{"line":128,"column":55},"end":{"line":128,"column":57}}],"line":128},"2":{"loc":{"start":{"line":157,"column":7},"end":{"line":161,"column":14}},"type":"cond-expr","locations":[{"start":{"line":158,"column":8},"end":{"line":160,"column":15}},{"start":{"line":161,"column":10},"end":{"line":161,"column":14}}],"line":157},"3":{"loc":{"start":{"line":163,"column":7},"end":{"line":167,"column":14}},"type":"cond-expr","locations":[{"start":{"line":164,"column":8},"end":{"line":166,"column":15}},{"start":{"line":167,"column":10},"end":{"line":167,"column":14}}],"line":163},"4":{"loc":{"start":{"line":205,"column":17},"end":{"line":240,"column":17}},"type":"cond-expr","locations":[{"start":{"line":206,"column":18},"end":{"line":237,"column":25}},{"start":{"line":239,"column":18},"end":{"line":239,"column":53}}],"line":205},"5":{"loc":{"start":{"line":210,"column":40},"end":{"line":210,"column":58}},"type":"cond-expr","locations":[{"start":{"line":210,"column":49},"end":{"line":210,"column":51}},{"start":{"line":210,"column":54},"end":{"line":210,"column":58}}],"line":210},"6":{"loc":{"start":{"line":212,"column":22},"end":{"line":219,"column":23}},"type":"if","locations":[{"start":{"line":212,"column":22},"end":{"line":219,"column":23}},{"start":{},"end":{}}],"line":212},"7":{"loc":{"start":{"line":250,"column":25},"end":{"line":250,"column":75}},"type":"cond-expr","locations":[{"start":{"line":250,"column":59},"end":{"line":250,"column":66}},{"start":{"line":250,"column":69},"end":{"line":250,"column":75}}],"line":250}},"s":{"0":11,"1":11,"2":11,"3":11,"4":11,"5":11,"6":1,"7":0,"8":0,"9":1,"10":1,"11":11,"12":1,"13":11,"14":11,"15":11,"16":11,"17":1,"18":10},"f":{"0":11,"1":11,"2":1,"3":0,"4":0,"5":1,"6":1,"7":11,"8":1,"9":11},"b":{"0":[11,1],"1":[0,11],"2":[1,10],"3":[1,10],"4":[11,0],"5":[11,0],"6":[1,10],"7":[10,1]},"_coverageSchema":"1a1c01bbd47fc00a2c39e90264f33305004495a9","hash":"e902d48cb6b5210ddf71846d111a4c7bea3d30f0"}
,"C:\\Users\\Admin\\Documents\\Mis proyectos\\kike2026\\autozone-qa-fe\\src\\services\\api.service.ts": {"path":"C:\\Users\\Admin\\Documents\\Mis proyectos\\kike2026\\autozone-qa-fe\\src\\services\\api.service.ts","statementMap":{"0":{"start":{"line":30,"column":39},"end":{"line":30,"column":75}},"1":{"start":{"line":31,"column":4},"end":{"line":31,"column":24}},"2":{"start":{"line":47,"column":39},"end":{"line":47,"column":82}},"3":{"start":{"line":48,"column":4},"end":{"line":48,"column":24}},"4":{"start":{"line":64,"column":39},"end":{"line":64,"column":81}},"5":{"start":{"line":65,"column":4},"end":{"line":65,"column":24}},"6":{"start":{"line":78,"column":39},"end":{"line":78,"column":83}},"7":{"start":{"line":79,"column":4},"end":{"line":79,"column":24}},"8":{"start":{"line":94,"column":39},"end":{"line":94,"column":78}},"9":{"start":{"line":95,"column":4},"end":{"line":95,"column":24}},"10":{"start":{"line":99,"column":26},"end":{"line":99,"column":42}}},"fnMap":{"0":{"name":"(anonymous_0)","decl":{"start":{"line":29,"column":2},"end":{"line":29,"column":3}},"loc":{"start":{"line":29,"column":69},"end":{"line":32,"column":3}},"line":29},"1":{"name":"(anonymous_1)","decl":{"start":{"line":46,"column":2},"end":{"line":46,"column":3}},"loc":{"start":{"line":46,"column":86},"end":{"line":49,"column":3}},"line":46},"2":{"name":"(anonymous_2)","decl":{"start":{"line":63,"column":2},"end":{"line":63,"column":3}},"loc":{"start":{"line":63,"column":85},"end":{"line":66,"column":3}},"line":63},"3":{"name":"(anonymous_3)","decl":{"start":{"line":77,"column":2},"end":{"line":77,"column":3}},"loc":{"start":{"line":77,"column":87},"end":{"line":80,"column":3}},"line":77},"4":{"name":"(anonymous_4)","decl":{"start":{"line":93,"column":2},"end":{"line":93,"column":3}},"loc":{"start":{"line":93,"column":72},"end":{"line":96,"column":3}},"line":93}},"branchMap":{},"s":{"0":0,"1":0,"2":0,"3":0,"4":0,"5":0,"6":0,"7":0,"8":0,"9":0,"10":1},"f":{"0":0,"1":0,"2":0,"3":0,"4":0},"b":{},"_coverageSchema":"1a1c01bbd47fc00a2c39e90264f33305004495a9","hash":"39a3c90895d7df12704937e14fa7ff87c9ec7eee"}
,"C:\\Users\\Admin\\Documents\\Mis proyectos\\kike2026\\autozone-qa-fe\\src\\services\\reports.service.ts": {"path":"C:\\Users\\Admin\\Documents\\Mis proyectos\\kike2026\\autozone-qa-fe\\src\\services\\reports.service.ts","statementMap":{"0":{"start":{"line":13,"column":17},"end":{"line":13,"column":27}},"1":{"start":{"line":15,"column":28},"end":{"line":18,"column":2}},"2":{"start":{"line":20,"column":28},"end":{"line":23,"column":2}},"3":{"start":{"line":25,"column":21},"end":{"line":35,"column":2}},"4":{"start":{"line":48,"column":30},"end":{"line":65,"column":1}},"5":{"start":{"line":50,"column":17},"end":{"line":50,"column":68}},"6":{"start":{"line":51,"column":4},"end":{"line":51,"column":55}},"7":{"start":{"line":55,"column":20},"end":{"line":55,"column":55}},"8":{"start":{"line":56,"column":4},"end":{"line":56,"column":54}},"9":{"start":{"line":56,"column":33},"end":{"line":56,"column":53}},"10":{"start":{"line":60,"column":4},"end":{"line":63,"column":6}}},"fnMap":{"0":{"name":"(anonymous_0)","decl":{"start":{"line":49,"column":10},"end":{"line":49,"column":11}},"loc":{"start":{"line":49,"column":68},"end":{"line":52,"column":3}},"line":49},"1":{"name":"(anonymous_1)","decl":{"start":{"line":54,"column":12},"end":{"line":54,"column":13}},"loc":{"start":{"line":54,"column":72},"end":{"line":57,"column":3}},"line":54},"2":{"name":"(anonymous_2)","decl":{"start":{"line":56,"column":23},"end":{"line":56,"column":24}},"loc":{"start":{"line":56,"column":33},"end":{"line":56,"column":53}},"line":56},"3":{"name":"(anonymous_3)","decl":{"start":{"line":59,"column":13},"end":{"line":59,"column":14}},"loc":{"start":{"line":59,"column":72},"end":{"line":64,"column":3}},"line":59}},"branchMap":{},"s":{"0":2,"1":2,"2":2,"3":2,"4":2,"5":5,"6":5,"7":2,"8":2,"9":3,"10":1},"f":{"0":5,"1":2,"2":3,"3":1},"b":{},"_coverageSchema":"1a1c01bbd47fc00a2c39e90264f33305004495a9","hash":"e4888d5425f744dab693fa140ed00e3058653ad9"}
,"C:\\Users\\Admin\\Documents\\Mis proyectos\\kike2026\\autozone-qa-fe\\src\\services\\services.service.ts": {"path":"C:\\Users\\Admin\\Documents\\Mis proyectos\\kike2026\\autozone-qa-fe\\src\\services\\services.service.ts","statementMap":{"0":{"start":{"line":12,"column":17},"end":{"line":12,"column":28}},"1":{"start":{"line":18,"column":31},"end":{"line":67,"column":1}},"2":{"start":{"line":24,"column":17},"end":{"line":24,"column":56}},"3":{"start":{"line":25,"column":4},"end":{"line":25,"column":44}},"4":{"start":{"line":34,"column":17},"end":{"line":34,"column":67}},"5":{"start":{"line":35,"column":4},"end":{"line":35,"column":36}},"6":{"start":{"line":44,"column":17},"end":{"line":44,"column":66}},"7":{"start":{"line":45,"column":4},"end":{"line":45,"column":36}},"8":{"start":{"line":55,"column":17},"end":{"line":55,"column":76}},"9":{"start":{"line":56,"column":4},"end":{"line":56,"column":36}},"10":{"start":{"line":65,"column":4},"end":{"line":65,"column":48}}},"fnMap":{"0":{"name":"(anonymous_0)","decl":{"start":{"line":23,"column":10},"end":{"line":23,"column":11}},"loc":{"start":{"line":23,"column":42},"end":{"line":26,"column":3}},"line":23},"1":{"name":"(anonymous_1)","decl":{"start":{"line":33,"column":11},"end":{"line":33,"column":12}},"loc":{"start":{"line":33,"column":51},"end":{"line":36,"column":3}},"line":33},"2":{"name":"(anonymous_2)","decl":{"start":{"line":43,"column":10},"end":{"line":43,"column":11}},"loc":{"start":{"line":43,"column":69},"end":{"line":46,"column":3}},"line":43},"3":{"name":"(anonymous_3)","decl":{"start":{"line":54,"column":10},"end":{"line":54,"column":11}},"loc":{"start":{"line":54,"column":90},"end":{"line":57,"column":3}},"line":54},"4":{"name":"(anonymous_4)","decl":{"start":{"line":64,"column":10},"end":{"line":64,"column":11}},"loc":{"start":{"line":64,"column":47},"end":{"line":66,"column":3}},"line":64}},"branchMap":{},"s":{"0":1,"1":1,"2":0,"3":0,"4":0,"5":0,"6":0,"7":0,"8":0,"9":0,"10":0},"f":{"0":0,"1":0,"2":0,"3":0,"4":0},"b":{},"_coverageSchema":"1a1c01bbd47fc00a2c39e90264f33305004495a9","hash":"75ceaaf498e35333c65985cdc17481814a4c91b4"}
,"C:\\Users\\Admin\\Documents\\Mis proyectos\\kike2026\\autozone-qa-fe\\src\\types\\service.types.ts": {"path":"C:\\Users\\Admin\\Documents\\Mis proyectos\\kike2026\\autozone-qa-fe\\src\\types\\service.types.ts","statementMap":{"0":{"start":{"line":14,"column":32},"end":{"line":18,"column":2}},"1":{"start":{"line":23,"column":29},"end":{"line":28,"column":2}},"2":{"start":{"line":36,"column":38},"end":{"line":36,"column":76}},"3":{"start":{"line":41,"column":35},"end":{"line":43,"column":2}}},"fnMap":{},"branchMap":{},"s":{"0":1,"1":1,"2":1,"3":1},"f":{},"b":{},"_coverageSchema":"1a1c01bbd47fc00a2c39e90264f33305004495a9","hash":"f3decc070134f881d51db7c355fdae915aa9ef90"}
}
