TN:
SF:src\hooks\useGetServices.ts
FN:22,(anonymous_0)
FN:29,(anonymous_1)
FN:30,(anonymous_2)
FN:35,(anonymous_3)
FN:40,(anonymous_4)
FN:48,(anonymous_5)
FNF:6
FNH:0
FNDA:0,(anonymous_0)
FNDA:0,(anonymous_1)
FNDA:0,(anonymous_2)
FNDA:0,(anonymous_3)
FNDA:0,(anonymous_4)
FNDA:0,(anonymous_5)
DA:22,1
DA:23,0
DA:29,0
DA:30,0
DA:32,0
DA:33,0
DA:34,0
DA:35,0
DA:40,0
DA:48,0
DA:49,0
DA:52,0
LF:12
LH:1
BRDA:43,0,0,0
BRDA:43,0,1,0
BRF:2
BRH:0
end_of_record
TN:
SF:src\hooks\useReports.ts
FN:40,(anonymous_0)
FN:59,(anonymous_1)
FN:59,(anonymous_2)
FN:61,(anonymous_3)
FN:61,(anonymous_4)
FN:67,(anonymous_5)
FN:68,(anonymous_6)
FN:71,(anonymous_7)
FN:71,(anonymous_8)
FN:75,(anonymous_9)
FN:82,(anonymous_10)
FN:107,(anonymous_11)
FN:111,(anonymous_12)
FN:112,(anonymous_13)
FN:112,(anonymous_14)
FN:112,(anonymous_15)
FN:115,(anonymous_16)
FN:115,(anonymous_17)
FN:117,(anonymous_18)
FN:120,(anonymous_19)
FN:126,(anonymous_20)
FN:130,(anonymous_21)
FN:134,(anonymous_22)
FN:135,(anonymous_23)
FN:139,(anonymous_24)
FN:143,(anonymous_25)
FN:152,(anonymous_26)
FNF:27
FNH:12
FNDA:4,(anonymous_0)
FNDA:4,(anonymous_1)
FNDA:0,(anonymous_2)
FNDA:4,(anonymous_3)
FNDA:0,(anonymous_4)
FNDA:0,(anonymous_5)
FNDA:0,(anonymous_6)
FNDA:1,(anonymous_7)
FNDA:1,(anonymous_8)
FNDA:0,(anonymous_9)
FNDA:1,(anonymous_10)
FNDA:1,(anonymous_11)
FNDA:2,(anonymous_12)
FNDA:2,(anonymous_13)
FNDA:0,(anonymous_14)
FNDA:0,(anonymous_15)
FNDA:2,(anonymous_16)
FNDA:1,(anonymous_17)
FNDA:2,(anonymous_18)
FNDA:0,(anonymous_19)
FNDA:0,(anonymous_20)
FNDA:0,(anonymous_21)
FNDA:0,(anonymous_22)
FNDA:0,(anonymous_23)
FNDA:0,(anonymous_24)
FNDA:0,(anonymous_25)
FNDA:0,(anonymous_26)
DA:40,2
DA:41,4
DA:42,4
DA:44,4
DA:45,4
DA:47,4
DA:48,4
DA:50,4
DA:51,4
DA:52,4
DA:53,4
DA:54,4
DA:55,4
DA:57,4
DA:59,4
DA:60,4
DA:61,4
DA:64,4
DA:65,4
DA:67,4
DA:68,0
DA:70,4
DA:71,1
DA:75,4
DA:76,0
DA:77,0
DA:78,0
DA:81,4
DA:83,1
DA:84,1
DA:86,1
DA:87,1
DA:88,1
DA:92,1
DA:93,1
DA:94,1
DA:95,1
DA:96,1
DA:99,0
DA:101,1
DA:107,4
DA:108,1
DA:111,4
DA:112,2
DA:115,4
DA:117,4
DA:118,4
DA:120,4
DA:121,0
DA:122,0
DA:123,0
DA:126,4
DA:127,0
DA:130,4
DA:131,0
DA:134,4
DA:135,0
DA:136,0
DA:137,0
DA:139,0
DA:143,4
DA:144,0
DA:152,4
DA:153,0
DA:154,0
DA:155,0
DA:158,0
DA:160,0
DA:161,0
DA:165,0
DA:166,0
DA:168,0
DA:169,0
DA:171,0
DA:172,0
DA:173,0
DA:174,0
DA:176,0
DA:177,0
DA:181,4
DA:182,4
DA:183,4
DA:187,4
LF:83
LH:52
BRDA:65,0,0,0
BRDA:65,0,1,4
BRDA:76,1,0,0
BRDA:76,1,1,0
BRDA:78,2,0,0
BRDA:78,2,1,0
BRDA:89,3,0,1
BRDA:89,3,1,1
BRDA:89,3,2,1
BRDA:89,3,3,1
BRDA:94,4,0,1
BRDA:94,4,1,0
BRDA:99,5,0,0
BRDA:99,5,1,0
BRDA:117,6,0,4
BRDA:117,6,1,2
BRDA:118,7,0,4
BRDA:118,7,1,0
BRDA:121,8,0,0
BRDA:121,8,1,0
BRDA:131,9,0,0
BRDA:131,9,1,0
BRDA:136,10,0,0
BRDA:136,10,1,0
BRDA:137,11,0,0
BRDA:137,11,1,0
BRDA:153,12,0,0
BRDA:153,12,1,0
BRDA:177,13,0,0
BRDA:177,13,1,0
BRDA:182,14,0,4
BRDA:182,14,1,2
BRDA:183,15,0,0
BRDA:183,15,1,4
BRF:34
BRH:12
end_of_record
TN:
SF:src\models\ReportVO.ts
FN:14,(anonymous_0)
FN:24,(anonymous_1)
FN:26,(anonymous_2)
FN:41,(anonymous_3)
FN:50,(anonymous_4)
FN:53,(anonymous_5)
FNF:6
FNH:6
FNDA:8,(anonymous_0)
FNDA:10,(anonymous_1)
FNDA:8,(anonymous_2)
FNDA:12,(anonymous_3)
FNDA:10,(anonymous_4)
FNDA:1,(anonymous_5)
DA:15,8
DA:16,8
DA:25,10
DA:26,10
DA:42,12
DA:43,12
DA:44,12
DA:45,12
DA:46,12
DA:47,12
DA:48,12
DA:49,12
DA:50,12
DA:54,1
LF:14
LH:14
BRDA:16,0,0,8
BRDA:16,0,1,0
BRDA:26,1,0,10
BRDA:26,1,1,0
BRDA:47,2,0,12
BRDA:47,2,1,1
BRDA:50,3,0,12
BRDA:50,3,1,1
BRF:8
BRH:6
end_of_record
TN:
SF:src\models\ServiceVO.ts
FN:16,(anonymous_0)
FN:23,(anonymous_1)
FNF:2
FNH:0
FNDA:0,(anonymous_0)
FNDA:0,(anonymous_1)
DA:17,0
DA:18,0
DA:19,0
DA:20,0
DA:24,0
LF:5
LH:0
BRDA:19,0,0,0
BRDA:19,0,1,0
BRDA:20,1,0,0
BRDA:20,1,1,0
BRF:4
BRH:0
end_of_record
TN:
SF:src\pages\reports\Reports.tsx
FN:27,Reports
FN:56,(anonymous_1)
FN:69,(anonymous_2)
FN:90,(anonymous_3)
FN:111,(anonymous_4)
FN:151,(anonymous_5)
FN:177,(anonymous_6)
FN:192,(anonymous_7)
FN:197,(anonymous_8)
FN:207,(anonymous_9)
FNF:10
FNH:8
FNDA:11,Reports
FNDA:11,(anonymous_1)
FNDA:1,(anonymous_2)
FNDA:0,(anonymous_3)
FNDA:0,(anonymous_4)
FNDA:1,(anonymous_5)
FNDA:1,(anonymous_6)
FNDA:11,(anonymous_7)
FNDA:1,(anonymous_8)
FNDA:11,(anonymous_9)
DA:51,11
DA:53,11
DA:54,11
DA:56,11
DA:57,11
DA:59,11
DA:69,1
DA:90,0
DA:111,0
DA:151,1
DA:177,1
DA:193,11
DA:198,1
DA:208,11
DA:209,11
DA:210,11
DA:212,11
DA:213,1
DA:221,10
LF:19
LH:17
BRDA:57,0,0,11
BRDA:57,0,1,1
BRDA:128,1,0,0
BRDA:128,1,1,11
BRDA:157,2,0,1
BRDA:157,2,1,10
BRDA:163,3,0,1
BRDA:163,3,1,10
BRDA:205,4,0,11
BRDA:205,4,1,0
BRDA:210,5,0,11
BRDA:210,5,1,0
BRDA:212,6,0,1
BRDA:212,6,1,10
BRDA:250,7,0,10
BRDA:250,7,1,1
BRF:16
BRH:13
end_of_record
TN:
SF:src\services\api.service.ts
FN:29,(anonymous_0)
FN:46,(anonymous_1)
FN:63,(anonymous_2)
FN:77,(anonymous_3)
FN:93,(anonymous_4)
FNF:5
FNH:0
FNDA:0,(anonymous_0)
FNDA:0,(anonymous_1)
FNDA:0,(anonymous_2)
FNDA:0,(anonymous_3)
FNDA:0,(anonymous_4)
DA:30,0
DA:31,0
DA:47,0
DA:48,0
DA:64,0
DA:65,0
DA:78,0
DA:79,0
DA:94,0
DA:95,0
DA:99,1
LF:11
LH:1
BRF:0
BRH:0
end_of_record
TN:
SF:src\services\reports.service.ts
FN:49,(anonymous_0)
FN:54,(anonymous_1)
FN:56,(anonymous_2)
FN:59,(anonymous_3)
FNF:4
FNH:4
FNDA:5,(anonymous_0)
FNDA:2,(anonymous_1)
FNDA:3,(anonymous_2)
FNDA:1,(anonymous_3)
DA:13,2
DA:15,2
DA:20,2
DA:25,2
DA:48,2
DA:50,5
DA:51,5
DA:55,2
DA:56,3
DA:60,1
LF:10
LH:10
BRF:0
BRH:0
end_of_record
TN:
SF:src\services\services.service.ts
FN:23,(anonymous_0)
FN:33,(anonymous_1)
FN:43,(anonymous_2)
FN:54,(anonymous_3)
FN:64,(anonymous_4)
FNF:5
FNH:0
FNDA:0,(anonymous_0)
FNDA:0,(anonymous_1)
FNDA:0,(anonymous_2)
FNDA:0,(anonymous_3)
FNDA:0,(anonymous_4)
DA:12,1
DA:18,1
DA:24,0
DA:25,0
DA:34,0
DA:35,0
DA:44,0
DA:45,0
DA:55,0
DA:56,0
DA:65,0
LF:11
LH:2
BRF:0
BRH:0
end_of_record
TN:
SF:src\types\service.types.ts
FNF:0
FNH:0
DA:14,1
DA:23,1
DA:36,1
DA:41,1
LF:4
LH:4
BRF:0
BRH:0
end_of_record
